<?xml version="1.0" encoding="utf-8" standalone="yes"?>
<coverage line-rate="0.98966408268733852" branch-rate="0.58783783783783783" complexity="202" version="1.9" timestamp="1757875558" lines-covered="383" lines-valid="387" branches-covered="87" branches-valid="148">
  <packages>
    <package line-rate="1" branch-rate="1" complexity="40" name="UnitTests.Tests">
      <classes>
        <class line-rate="1" branch-rate="1" complexity="39" name="VectorTests.VectorTests" filename="C:\Users\User\OneDrive\Рабочий стол\PPOISFirstFirst\Test\UnitTests.Tests\UnitTest1.cs">
          <methods>
            <method line-rate="1" branch-rate="1" complexity="1" name="Constructor_WithThreeCoordinates_SetsPropertiesCorrectly" signature="()">
              <lines>
                <line number="11" hits="1" branch="False" />
                <line number="12" hits="1" branch="False" />
                <line number="13" hits="1" branch="False" />
                <line number="14" hits="1" branch="False" />
                <line number="15" hits="1" branch="False" />
                <line number="16" hits="1" branch="False" />
              </lines>
            </method>
            <method line-rate="1" branch-rate="1" complexity="1" name="Constructor_WithSixCoordinates_CalculatesDifferencesCorrectly" signature="()">
              <lines>
                <line number="20" hits="1" branch="False" />
                <line number="21" hits="1" branch="False" />
                <line number="22" hits="1" branch="False" />
                <line number="23" hits="1" branch="False" />
                <line number="24" hits="1" branch="False" />
                <line number="25" hits="1" branch="False" />
              </lines>
            </method>
            <method line-rate="1" branch-rate="1" complexity="1" name="Addition_TwoVectors_ReturnsCorrectSum" signature="()">
              <lines>
                <line number="29" hits="1" branch="False" />
                <line number="30" hits="1" branch="False" />
                <line number="31" hits="1" branch="False" />
                <line number="32" hits="1" branch="False" />
                <line number="33" hits="1" branch="False" />
                <line number="34" hits="1" branch="False" />
                <line number="35" hits="1" branch="False" />
                <line number="36" hits="1" branch="False" />
              </lines>
            </method>
            <method line-rate="1" branch-rate="1" complexity="1" name="Addition_WithZeroVector_ReturnsSameVector" signature="()">
              <lines>
                <line number="40" hits="1" branch="False" />
                <line number="41" hits="1" branch="False" />
                <line number="42" hits="1" branch="False" />
                <line number="43" hits="1" branch="False" />
                <line number="44" hits="1" branch="False" />
                <line number="45" hits="1" branch="False" />
                <line number="46" hits="1" branch="False" />
                <line number="47" hits="1" branch="False" />
              </lines>
            </method>
            <method line-rate="1" branch-rate="1" complexity="1" name="Subtraction_TwoVectors_ReturnsCorrectDifference" signature="()">
              <lines>
                <line number="51" hits="1" branch="False" />
                <line number="52" hits="1" branch="False" />
                <line number="53" hits="1" branch="False" />
                <line number="54" hits="1" branch="False" />
                <line number="55" hits="1" branch="False" />
                <line number="56" hits="1" branch="False" />
                <line number="57" hits="1" branch="False" />
                <line number="58" hits="1" branch="False" />
              </lines>
            </method>
            <method line-rate="1" branch-rate="1" complexity="1" name="Subtraction_FromZeroVector_ReturnsNegativeVector" signature="()">
              <lines>
                <line number="62" hits="1" branch="False" />
                <line number="63" hits="1" branch="False" />
                <line number="64" hits="1" branch="False" />
                <line number="65" hits="1" branch="False" />
                <line number="66" hits="1" branch="False" />
                <line number="67" hits="1" branch="False" />
                <line number="68" hits="1" branch="False" />
                <line number="69" hits="1" branch="False" />
              </lines>
            </method>
            <method line-rate="1" branch-rate="1" complexity="1" name="CrossProduct_PerpendicularVectors_ReturnsCorrectVector" signature="()">
              <lines>
                <line number="73" hits="1" branch="False" />
                <line number="74" hits="1" branch="False" />
                <line number="75" hits="1" branch="False" />
                <line number="76" hits="1" branch="False" />
                <line number="77" hits="1" branch="False" />
                <line number="78" hits="1" branch="False" />
                <line number="79" hits="1" branch="False" />
                <line number="80" hits="1" branch="False" />
              </lines>
            </method>
            <method line-rate="1" branch-rate="1" complexity="1" name="CrossProduct_AnticommutativeProperty" signature="()">
              <lines>
                <line number="84" hits="1" branch="False" />
                <line number="85" hits="1" branch="False" />
                <line number="86" hits="1" branch="False" />
                <line number="87" hits="1" branch="False" />
                <line number="88" hits="1" branch="False" />
                <line number="89" hits="1" branch="False" />
                <line number="90" hits="1" branch="False" />
                <line number="91" hits="1" branch="False" />
                <line number="92" hits="1" branch="False" />
              </lines>
            </method>
            <method line-rate="1" branch-rate="1" complexity="1" name="CrossProduct_ParallelVectors_ReturnsZeroVector" signature="()">
              <lines>
                <line number="96" hits="1" branch="False" />
                <line number="97" hits="1" branch="False" />
                <line number="98" hits="1" branch="False" />
                <line number="99" hits="1" branch="False" />
                <line number="100" hits="1" branch="False" />
                <line number="101" hits="1" branch="False" />
                <line number="102" hits="1" branch="False" />
                <line number="103" hits="1" branch="False" />
              </lines>
            </method>
            <method line-rate="1" branch-rate="1" complexity="1" name="ScalarMultiplication_ValidScalar_ReturnsScaledVector" signature="()">
              <lines>
                <line number="107" hits="1" branch="False" />
                <line number="108" hits="1" branch="False" />
                <line number="109" hits="1" branch="False" />
                <line number="110" hits="1" branch="False" />
                <line number="111" hits="1" branch="False" />
                <line number="112" hits="1" branch="False" />
                <line number="113" hits="1" branch="False" />
                <line number="114" hits="1" branch="False" />
              </lines>
            </method>
            <method line-rate="1" branch-rate="1" complexity="1" name="ScalarMultiplication_CommutativeProperty" signature="()">
              <lines>
                <line number="118" hits="1" branch="False" />
                <line number="119" hits="1" branch="False" />
                <line number="120" hits="1" branch="False" />
                <line number="121" hits="1" branch="False" />
                <line number="122" hits="1" branch="False" />
                <line number="123" hits="1" branch="False" />
                <line number="124" hits="1" branch="False" />
                <line number="125" hits="1" branch="False" />
                <line number="126" hits="1" branch="False" />
              </lines>
            </method>
            <method line-rate="1" branch-rate="1" complexity="1" name="ScalarMultiplication_ByZero_ReturnsZeroVector" signature="()">
              <lines>
                <line number="130" hits="1" branch="False" />
                <line number="131" hits="1" branch="False" />
                <line number="132" hits="1" branch="False" />
                <line number="133" hits="1" branch="False" />
                <line number="134" hits="1" branch="False" />
                <line number="135" hits="1" branch="False" />
                <line number="136" hits="1" branch="False" />
                <line number="137" hits="1" branch="False" />
              </lines>
            </method>
            <method line-rate="1" branch-rate="1" complexity="1" name="ScalarMultiplication_ByNegative_ReturnsNegativeVector" signature="()">
              <lines>
                <line number="141" hits="1" branch="False" />
                <line number="142" hits="1" branch="False" />
                <line number="143" hits="1" branch="False" />
                <line number="144" hits="1" branch="False" />
                <line number="145" hits="1" branch="False" />
                <line number="146" hits="1" branch="False" />
                <line number="147" hits="1" branch="False" />
                <line number="148" hits="1" branch="False" />
              </lines>
            </method>
            <method line-rate="1" branch-rate="1" complexity="1" name="Division_ValidScalar_ReturnsCorrectVector" signature="()">
              <lines>
                <line number="152" hits="1" branch="False" />
                <line number="153" hits="1" branch="False" />
                <line number="154" hits="1" branch="False" />
                <line number="155" hits="1" branch="False" />
                <line number="156" hits="1" branch="False" />
                <line number="157" hits="1" branch="False" />
                <line number="158" hits="1" branch="False" />
                <line number="159" hits="1" branch="False" />
              </lines>
            </method>
            <method line-rate="1" branch-rate="1" complexity="1" name="Division_ByOne_ReturnsSameVector" signature="()">
              <lines>
                <line number="163" hits="1" branch="False" />
                <line number="164" hits="1" branch="False" />
                <line number="165" hits="1" branch="False" />
                <line number="166" hits="1" branch="False" />
                <line number="167" hits="1" branch="False" />
                <line number="168" hits="1" branch="False" />
                <line number="169" hits="1" branch="False" />
                <line number="170" hits="1" branch="False" />
              </lines>
            </method>
            <method line-rate="1" branch-rate="1" complexity="1" name="Division_ByZero_ThrowsException" signature="()">
              <lines>
                <line number="174" hits="1" branch="False" />
                <line number="175" hits="1" branch="False" />
                <line number="176" hits="1" branch="False" />
                <line number="177" hits="1" branch="False" />
                <line number="178" hits="1" branch="False" />
              </lines>
            </method>
            <method line-rate="1" branch-rate="1" complexity="1" name="DotProduct_PerpendicularVectors_ReturnsZero" signature="()">
              <lines>
                <line number="182" hits="1" branch="False" />
                <line number="183" hits="1" branch="False" />
                <line number="184" hits="1" branch="False" />
                <line number="185" hits="1" branch="False" />
                <line number="186" hits="1" branch="False" />
                <line number="187" hits="1" branch="False" />
              </lines>
            </method>
            <method line-rate="1" branch-rate="1" complexity="1" name="DotProduct_ParallelVectors_ReturnsOne" signature="()">
              <lines>
                <line number="191" hits="1" branch="False" />
                <line number="192" hits="1" branch="False" />
                <line number="193" hits="1" branch="False" />
                <line number="194" hits="1" branch="False" />
                <line number="195" hits="1" branch="False" />
                <line number="196" hits="1" branch="False" />
              </lines>
            </method>
            <method line-rate="1" branch-rate="1" complexity="1" name="DotProduct_CommutativeProperty" signature="()">
              <lines>
                <line number="200" hits="1" branch="False" />
                <line number="201" hits="1" branch="False" />
                <line number="202" hits="1" branch="False" />
                <line number="203" hits="1" branch="False" />
                <line number="204" hits="1" branch="False" />
                <line number="205" hits="1" branch="False" />
                <line number="206" hits="1" branch="False" />
              </lines>
            </method>
            <method line-rate="1" branch-rate="1" complexity="1" name="GreaterThan_XComponentGreater_ReturnsTrue" signature="()">
              <lines>
                <line number="210" hits="1" branch="False" />
                <line number="211" hits="1" branch="False" />
                <line number="212" hits="1" branch="False" />
                <line number="213" hits="1" branch="False" />
                <line number="214" hits="1" branch="False" />
              </lines>
            </method>
            <method line-rate="1" branch-rate="1" complexity="1" name="GreaterThan_YComponentGreater_ReturnsTrue" signature="()">
              <lines>
                <line number="218" hits="1" branch="False" />
                <line number="219" hits="1" branch="False" />
                <line number="220" hits="1" branch="False" />
                <line number="221" hits="1" branch="False" />
                <line number="222" hits="1" branch="False" />
              </lines>
            </method>
            <method line-rate="1" branch-rate="1" complexity="1" name="GreaterThan_ZComponentGreater_ReturnsTrue" signature="()">
              <lines>
                <line number="226" hits="1" branch="False" />
                <line number="227" hits="1" branch="False" />
                <line number="228" hits="1" branch="False" />
                <line number="229" hits="1" branch="False" />
                <line number="230" hits="1" branch="False" />
              </lines>
            </method>
            <method line-rate="1" branch-rate="1" complexity="1" name="LessThan_XComponentLess_ReturnsTrue" signature="()">
              <lines>
                <line number="234" hits="1" branch="False" />
                <line number="235" hits="1" branch="False" />
                <line number="236" hits="1" branch="False" />
                <line number="237" hits="1" branch="False" />
                <line number="238" hits="1" branch="False" />
              </lines>
            </method>
            <method line-rate="1" branch-rate="1" complexity="1" name="LessThan_YComponentLess_ReturnsTrue" signature="()">
              <lines>
                <line number="242" hits="1" branch="False" />
                <line number="243" hits="1" branch="False" />
                <line number="244" hits="1" branch="False" />
                <line number="245" hits="1" branch="False" />
                <line number="246" hits="1" branch="False" />
              </lines>
            </method>
            <method line-rate="1" branch-rate="1" complexity="1" name="LessThan_ZComponentLess_ReturnsTrue" signature="()">
              <lines>
                <line number="250" hits="1" branch="False" />
                <line number="251" hits="1" branch="False" />
                <line number="252" hits="1" branch="False" />
                <line number="253" hits="1" branch="False" />
                <line number="254" hits="1" branch="False" />
              </lines>
            </method>
            <method line-rate="1" branch-rate="1" complexity="1" name="GreaterThanOrEqual_EqualVectors_ReturnsTrue" signature="()">
              <lines>
                <line number="258" hits="1" branch="False" />
                <line number="259" hits="1" branch="False" />
                <line number="260" hits="1" branch="False" />
                <line number="261" hits="1" branch="False" />
                <line number="262" hits="1" branch="False" />
              </lines>
            </method>
            <method line-rate="1" branch-rate="1" complexity="1" name="GreaterThanOrEqual_GreaterVector_ReturnsTrue" signature="()">
              <lines>
                <line number="266" hits="1" branch="False" />
                <line number="267" hits="1" branch="False" />
                <line number="268" hits="1" branch="False" />
                <line number="269" hits="1" branch="False" />
                <line number="270" hits="1" branch="False" />
              </lines>
            </method>
            <method line-rate="1" branch-rate="1" complexity="1" name="LessThanOrEqual_EqualVectors_ReturnsTrue" signature="()">
              <lines>
                <line number="274" hits="1" branch="False" />
                <line number="275" hits="1" branch="False" />
                <line number="276" hits="1" branch="False" />
                <line number="277" hits="1" branch="False" />
                <line number="278" hits="1" branch="False" />
              </lines>
            </method>
            <method line-rate="1" branch-rate="1" complexity="1" name="LessThanOrEqual_LesserVector_ReturnsTrue" signature="()">
              <lines>
                <line number="282" hits="1" branch="False" />
                <line number="283" hits="1" branch="False" />
                <line number="284" hits="1" branch="False" />
                <line number="285" hits="1" branch="False" />
                <line number="286" hits="1" branch="False" />
              </lines>
            </method>
            <method line-rate="1" branch-rate="1" complexity="1" name="Comparison_WithZeroVector_WorksCorrectly" signature="()">
              <lines>
                <line number="290" hits="1" branch="False" />
                <line number="291" hits="1" branch="False" />
                <line number="292" hits="1" branch="False" />
                <line number="293" hits="1" branch="False" />
                <line number="294" hits="1" branch="False" />
                <line number="295" hits="1" branch="False" />
              </lines>
            </method>
            <method line-rate="1" branch-rate="1" complexity="1" name="Operations_WithNegativeComponents_WorkCorrectly" signature="()">
              <lines>
                <line number="299" hits="1" branch="False" />
                <line number="300" hits="1" branch="False" />
                <line number="301" hits="1" branch="False" />
                <line number="302" hits="1" branch="False" />
                <line number="303" hits="1" branch="False" />
                <line number="304" hits="1" branch="False" />
                <line number="305" hits="1" branch="False" />
                <line number="306" hits="1" branch="False" />
                <line number="307" hits="1" branch="False" />
                <line number="308" hits="1" branch="False" />
                <line number="309" hits="1" branch="False" />
                <line number="310" hits="1" branch="False" />
              </lines>
            </method>
            <method line-rate="1" branch-rate="1" complexity="1" name="Addition_IsCommutative" signature="()">
              <lines>
                <line number="314" hits="1" branch="False" />
                <line number="315" hits="1" branch="False" />
                <line number="316" hits="1" branch="False" />
                <line number="317" hits="1" branch="False" />
                <line number="318" hits="1" branch="False" />
                <line number="319" hits="1" branch="False" />
                <line number="320" hits="1" branch="False" />
                <line number="321" hits="1" branch="False" />
                <line number="322" hits="1" branch="False" />
              </lines>
            </method>
            <method line-rate="1" branch-rate="1" complexity="1" name="Addition_IsAssociative" signature="()">
              <lines>
                <line number="326" hits="1" branch="False" />
                <line number="327" hits="1" branch="False" />
                <line number="328" hits="1" branch="False" />
                <line number="329" hits="1" branch="False" />
                <line number="330" hits="1" branch="False" />
                <line number="331" hits="1" branch="False" />
                <line number="332" hits="1" branch="False" />
                <line number="333" hits="1" branch="False" />
                <line number="334" hits="1" branch="False" />
                <line number="335" hits="1" branch="False" />
              </lines>
            </method>
            <method line-rate="1" branch-rate="1" complexity="1" name="ScalarMultiplication_DistributiveOverAddition" signature="()">
              <lines>
                <line number="339" hits="1" branch="False" />
                <line number="340" hits="1" branch="False" />
                <line number="341" hits="1" branch="False" />
                <line number="342" hits="1" branch="False" />
                <line number="343" hits="1" branch="False" />
                <line number="344" hits="1" branch="False" />
                <line number="345" hits="1" branch="False" />
                <line number="346" hits="1" branch="False" />
                <line number="347" hits="1" branch="False" />
                <line number="348" hits="1" branch="False" />
              </lines>
            </method>
            <method line-rate="1" branch-rate="1" complexity="1" name="CrossProduct_DistributiveOverAddition" signature="()">
              <lines>
                <line number="352" hits="1" branch="False" />
                <line number="353" hits="1" branch="False" />
                <line number="354" hits="1" branch="False" />
                <line number="355" hits="1" branch="False" />
                <line number="356" hits="1" branch="False" />
                <line number="357" hits="1" branch="False" />
                <line number="358" hits="1" branch="False" />
                <line number="359" hits="1" branch="False" />
                <line number="360" hits="1" branch="False" />
                <line number="361" hits="1" branch="False" />
              </lines>
            </method>
            <method line-rate="1" branch-rate="1" complexity="1" name="ToString_ReturnsCorrectFormat" signature="()">
              <lines>
                <line number="365" hits="1" branch="False" />
                <line number="366" hits="1" branch="False" />
                <line number="367" hits="1" branch="False" />
                <line number="368" hits="1" branch="False" />
                <line number="369" hits="1" branch="False" />
                <line number="370" hits="1" branch="False" />
                <line number="371" hits="1" branch="False" />
                <line number="372" hits="1" branch="False" />
              </lines>
            </method>
            <method line-rate="1" branch-rate="1" complexity="1" name="Equals_ReturnsTrueForEqualVectors" signature="()">
              <lines>
                <line number="376" hits="1" branch="False" />
                <line number="377" hits="1" branch="False" />
                <line number="378" hits="1" branch="False" />
                <line number="379" hits="1" branch="False" />
                <line number="380" hits="1" branch="False" />
              </lines>
            </method>
            <method line-rate="1" branch-rate="1" complexity="1" name="Equals_ReturnsFalseForDifferentVectors" signature="()">
              <lines>
                <line number="384" hits="1" branch="False" />
                <line number="385" hits="1" branch="False" />
                <line number="386" hits="1" branch="False" />
                <line number="387" hits="1" branch="False" />
                <line number="388" hits="1" branch="False" />
              </lines>
            </method>
            <method line-rate="1" branch-rate="1" complexity="1" name="GetHashCode_ReturnsSameForEqualVectors" signature="()">
              <lines>
                <line number="392" hits="1" branch="False" />
                <line number="393" hits="1" branch="False" />
                <line number="394" hits="1" branch="False" />
                <line number="395" hits="1" branch="False" />
                <line number="396" hits="1" branch="False" />
              </lines>
            </method>
          </methods>
          <lines>
            <line number="11" hits="1" branch="False" />
            <line number="12" hits="1" branch="False" />
            <line number="13" hits="1" branch="False" />
            <line number="14" hits="1" branch="False" />
            <line number="15" hits="1" branch="False" />
            <line number="16" hits="1" branch="False" />
            <line number="20" hits="1" branch="False" />
            <line number="21" hits="1" branch="False" />
            <line number="22" hits="1" branch="False" />
            <line number="23" hits="1" branch="False" />
            <line number="24" hits="1" branch="False" />
            <line number="25" hits="1" branch="False" />
            <line number="29" hits="1" branch="False" />
            <line number="30" hits="1" branch="False" />
            <line number="31" hits="1" branch="False" />
            <line number="32" hits="1" branch="False" />
            <line number="33" hits="1" branch="False" />
            <line number="34" hits="1" branch="False" />
            <line number="35" hits="1" branch="False" />
            <line number="36" hits="1" branch="False" />
            <line number="40" hits="1" branch="False" />
            <line number="41" hits="1" branch="False" />
            <line number="42" hits="1" branch="False" />
            <line number="43" hits="1" branch="False" />
            <line number="44" hits="1" branch="False" />
            <line number="45" hits="1" branch="False" />
            <line number="46" hits="1" branch="False" />
            <line number="47" hits="1" branch="False" />
            <line number="51" hits="1" branch="False" />
            <line number="52" hits="1" branch="False" />
            <line number="53" hits="1" branch="False" />
            <line number="54" hits="1" branch="False" />
            <line number="55" hits="1" branch="False" />
            <line number="56" hits="1" branch="False" />
            <line number="57" hits="1" branch="False" />
            <line number="58" hits="1" branch="False" />
            <line number="62" hits="1" branch="False" />
            <line number="63" hits="1" branch="False" />
            <line number="64" hits="1" branch="False" />
            <line number="65" hits="1" branch="False" />
            <line number="66" hits="1" branch="False" />
            <line number="67" hits="1" branch="False" />
            <line number="68" hits="1" branch="False" />
            <line number="69" hits="1" branch="False" />
            <line number="73" hits="1" branch="False" />
            <line number="74" hits="1" branch="False" />
            <line number="75" hits="1" branch="False" />
            <line number="76" hits="1" branch="False" />
            <line number="77" hits="1" branch="False" />
            <line number="78" hits="1" branch="False" />
            <line number="79" hits="1" branch="False" />
            <line number="80" hits="1" branch="False" />
            <line number="84" hits="1" branch="False" />
            <line number="85" hits="1" branch="False" />
            <line number="86" hits="1" branch="False" />
            <line number="87" hits="1" branch="False" />
            <line number="88" hits="1" branch="False" />
            <line number="89" hits="1" branch="False" />
            <line number="90" hits="1" branch="False" />
            <line number="91" hits="1" branch="False" />
            <line number="92" hits="1" branch="False" />
            <line number="96" hits="1" branch="False" />
            <line number="97" hits="1" branch="False" />
            <line number="98" hits="1" branch="False" />
            <line number="99" hits="1" branch="False" />
            <line number="100" hits="1" branch="False" />
            <line number="101" hits="1" branch="False" />
            <line number="102" hits="1" branch="False" />
            <line number="103" hits="1" branch="False" />
            <line number="107" hits="1" branch="False" />
            <line number="108" hits="1" branch="False" />
            <line number="109" hits="1" branch="False" />
            <line number="110" hits="1" branch="False" />
            <line number="111" hits="1" branch="False" />
            <line number="112" hits="1" branch="False" />
            <line number="113" hits="1" branch="False" />
            <line number="114" hits="1" branch="False" />
            <line number="118" hits="1" branch="False" />
            <line number="119" hits="1" branch="False" />
            <line number="120" hits="1" branch="False" />
            <line number="121" hits="1" branch="False" />
            <line number="122" hits="1" branch="False" />
            <line number="123" hits="1" branch="False" />
            <line number="124" hits="1" branch="False" />
            <line number="125" hits="1" branch="False" />
            <line number="126" hits="1" branch="False" />
            <line number="130" hits="1" branch="False" />
            <line number="131" hits="1" branch="False" />
            <line number="132" hits="1" branch="False" />
            <line number="133" hits="1" branch="False" />
            <line number="134" hits="1" branch="False" />
            <line number="135" hits="1" branch="False" />
            <line number="136" hits="1" branch="False" />
            <line number="137" hits="1" branch="False" />
            <line number="141" hits="1" branch="False" />
            <line number="142" hits="1" branch="False" />
            <line number="143" hits="1" branch="False" />
            <line number="144" hits="1" branch="False" />
            <line number="145" hits="1" branch="False" />
            <line number="146" hits="1" branch="False" />
            <line number="147" hits="1" branch="False" />
            <line number="148" hits="1" branch="False" />
            <line number="152" hits="1" branch="False" />
            <line number="153" hits="1" branch="False" />
            <line number="154" hits="1" branch="False" />
            <line number="155" hits="1" branch="False" />
            <line number="156" hits="1" branch="False" />
            <line number="157" hits="1" branch="False" />
            <line number="158" hits="1" branch="False" />
            <line number="159" hits="1" branch="False" />
            <line number="163" hits="1" branch="False" />
            <line number="164" hits="1" branch="False" />
            <line number="165" hits="1" branch="False" />
            <line number="166" hits="1" branch="False" />
            <line number="167" hits="1" branch="False" />
            <line number="168" hits="1" branch="False" />
            <line number="169" hits="1" branch="False" />
            <line number="170" hits="1" branch="False" />
            <line number="174" hits="1" branch="False" />
            <line number="175" hits="1" branch="False" />
            <line number="176" hits="1" branch="False" />
            <line number="177" hits="1" branch="False" />
            <line number="178" hits="1" branch="False" />
            <line number="182" hits="1" branch="False" />
            <line number="183" hits="1" branch="False" />
            <line number="184" hits="1" branch="False" />
            <line number="185" hits="1" branch="False" />
            <line number="186" hits="1" branch="False" />
            <line number="187" hits="1" branch="False" />
            <line number="191" hits="1" branch="False" />
            <line number="192" hits="1" branch="False" />
            <line number="193" hits="1" branch="False" />
            <line number="194" hits="1" branch="False" />
            <line number="195" hits="1" branch="False" />
            <line number="196" hits="1" branch="False" />
            <line number="200" hits="1" branch="False" />
            <line number="201" hits="1" branch="False" />
            <line number="202" hits="1" branch="False" />
            <line number="203" hits="1" branch="False" />
            <line number="204" hits="1" branch="False" />
            <line number="205" hits="1" branch="False" />
            <line number="206" hits="1" branch="False" />
            <line number="210" hits="1" branch="False" />
            <line number="211" hits="1" branch="False" />
            <line number="212" hits="1" branch="False" />
            <line number="213" hits="1" branch="False" />
            <line number="214" hits="1" branch="False" />
            <line number="218" hits="1" branch="False" />
            <line number="219" hits="1" branch="False" />
            <line number="220" hits="1" branch="False" />
            <line number="221" hits="1" branch="False" />
            <line number="222" hits="1" branch="False" />
            <line number="226" hits="1" branch="False" />
            <line number="227" hits="1" branch="False" />
            <line number="228" hits="1" branch="False" />
            <line number="229" hits="1" branch="False" />
            <line number="230" hits="1" branch="False" />
            <line number="234" hits="1" branch="False" />
            <line number="235" hits="1" branch="False" />
            <line number="236" hits="1" branch="False" />
            <line number="237" hits="1" branch="False" />
            <line number="238" hits="1" branch="False" />
            <line number="242" hits="1" branch="False" />
            <line number="243" hits="1" branch="False" />
            <line number="244" hits="1" branch="False" />
            <line number="245" hits="1" branch="False" />
            <line number="246" hits="1" branch="False" />
            <line number="250" hits="1" branch="False" />
            <line number="251" hits="1" branch="False" />
            <line number="252" hits="1" branch="False" />
            <line number="253" hits="1" branch="False" />
            <line number="254" hits="1" branch="False" />
            <line number="258" hits="1" branch="False" />
            <line number="259" hits="1" branch="False" />
            <line number="260" hits="1" branch="False" />
            <line number="261" hits="1" branch="False" />
            <line number="262" hits="1" branch="False" />
            <line number="266" hits="1" branch="False" />
            <line number="267" hits="1" branch="False" />
            <line number="268" hits="1" branch="False" />
            <line number="269" hits="1" branch="False" />
            <line number="270" hits="1" branch="False" />
            <line number="274" hits="1" branch="False" />
            <line number="275" hits="1" branch="False" />
            <line number="276" hits="1" branch="False" />
            <line number="277" hits="1" branch="False" />
            <line number="278" hits="1" branch="False" />
            <line number="282" hits="1" branch="False" />
            <line number="283" hits="1" branch="False" />
            <line number="284" hits="1" branch="False" />
            <line number="285" hits="1" branch="False" />
            <line number="286" hits="1" branch="False" />
            <line number="290" hits="1" branch="False" />
            <line number="291" hits="1" branch="False" />
            <line number="292" hits="1" branch="False" />
            <line number="293" hits="1" branch="False" />
            <line number="294" hits="1" branch="False" />
            <line number="295" hits="1" branch="False" />
            <line number="299" hits="1" branch="False" />
            <line number="300" hits="1" branch="False" />
            <line number="301" hits="1" branch="False" />
            <line number="302" hits="1" branch="False" />
            <line number="303" hits="1" branch="False" />
            <line number="304" hits="1" branch="False" />
            <line number="305" hits="1" branch="False" />
            <line number="306" hits="1" branch="False" />
            <line number="307" hits="1" branch="False" />
            <line number="308" hits="1" branch="False" />
            <line number="309" hits="1" branch="False" />
            <line number="310" hits="1" branch="False" />
            <line number="314" hits="1" branch="False" />
            <line number="315" hits="1" branch="False" />
            <line number="316" hits="1" branch="False" />
            <line number="317" hits="1" branch="False" />
            <line number="318" hits="1" branch="False" />
            <line number="319" hits="1" branch="False" />
            <line number="320" hits="1" branch="False" />
            <line number="321" hits="1" branch="False" />
            <line number="322" hits="1" branch="False" />
            <line number="326" hits="1" branch="False" />
            <line number="327" hits="1" branch="False" />
            <line number="328" hits="1" branch="False" />
            <line number="329" hits="1" branch="False" />
            <line number="330" hits="1" branch="False" />
            <line number="331" hits="1" branch="False" />
            <line number="332" hits="1" branch="False" />
            <line number="333" hits="1" branch="False" />
            <line number="334" hits="1" branch="False" />
            <line number="335" hits="1" branch="False" />
            <line number="339" hits="1" branch="False" />
            <line number="340" hits="1" branch="False" />
            <line number="341" hits="1" branch="False" />
            <line number="342" hits="1" branch="False" />
            <line number="343" hits="1" branch="False" />
            <line number="344" hits="1" branch="False" />
            <line number="345" hits="1" branch="False" />
            <line number="346" hits="1" branch="False" />
            <line number="347" hits="1" branch="False" />
            <line number="348" hits="1" branch="False" />
            <line number="352" hits="1" branch="False" />
            <line number="353" hits="1" branch="False" />
            <line number="354" hits="1" branch="False" />
            <line number="355" hits="1" branch="False" />
            <line number="356" hits="1" branch="False" />
            <line number="357" hits="1" branch="False" />
            <line number="358" hits="1" branch="False" />
            <line number="359" hits="1" branch="False" />
            <line number="360" hits="1" branch="False" />
            <line number="361" hits="1" branch="False" />
            <line number="365" hits="1" branch="False" />
            <line number="366" hits="1" branch="False" />
            <line number="367" hits="1" branch="False" />
            <line number="368" hits="1" branch="False" />
            <line number="369" hits="1" branch="False" />
            <line number="370" hits="1" branch="False" />
            <line number="371" hits="1" branch="False" />
            <line number="372" hits="1" branch="False" />
            <line number="376" hits="1" branch="False" />
            <line number="377" hits="1" branch="False" />
            <line number="378" hits="1" branch="False" />
            <line number="379" hits="1" branch="False" />
            <line number="380" hits="1" branch="False" />
            <line number="384" hits="1" branch="False" />
            <line number="385" hits="1" branch="False" />
            <line number="386" hits="1" branch="False" />
            <line number="387" hits="1" branch="False" />
            <line number="388" hits="1" branch="False" />
            <line number="392" hits="1" branch="False" />
            <line number="393" hits="1" branch="False" />
            <line number="394" hits="1" branch="False" />
            <line number="395" hits="1" branch="False" />
            <line number="396" hits="1" branch="False" />
          </lines>
        </class>
        <class line-rate="1" branch-rate="1" complexity="1" name="VectorTests.VectorTests.&lt;&gt;c__DisplayClass15_0" filename="C:\Users\User\OneDrive\Рабочий стол\PPOISFirstFirst\Test\UnitTests.Tests\UnitTest1.cs">
          <methods>
            <method line-rate="1" branch-rate="1" complexity="1" name="&lt;Division_ByZero_ThrowsException&gt;b__0" signature="()">
              <lines>
                <line number="177" hits="1" branch="False" />
              </lines>
            </method>
          </methods>
          <lines>
            <line number="177" hits="1" branch="False" />
          </lines>
        </class>
      </classes>
    </package>
    <package line-rate="0.96491228070175439" branch-rate="0.58783783783783783" complexity="162" name="PPOISFirstFirst">
      <classes>
        <class line-rate="0" branch-rate="1" complexity="1" name="Program" filename="C:\Users\User\OneDrive\Рабочий стол\PPOISFirstFirst\PPOISFirstFirst\Program.cs">
          <methods>
            <method line-rate="0" branch-rate="1" complexity="1" name="Main" signature="()">
              <lines>
                <line number="7" hits="0" branch="False" />
                <line number="9" hits="0" branch="False" />
              </lines>
            </method>
          </methods>
          <lines>
            <line number="7" hits="0" branch="False" />
            <line number="9" hits="0" branch="False" />
          </lines>
        </class>
        <class line-rate="1" branch-rate="1" complexity="1" name="PPOISFirstFirst.DefaultLengthCalculator" filename="C:\Users\User\OneDrive\Рабочий стол\PPOISFirstFirst\PPOISFirstFirst\Calculate.cs">
          <methods>
            <method line-rate="1" branch-rate="1" complexity="1" name="CalculateLength" signature="(double, double, double)">
              <lines>
                <line number="12" hits="1" branch="False" />
                <line number="13" hits="1" branch="False" />
                <line number="14" hits="1" branch="False" />
              </lines>
            </method>
          </methods>
          <lines>
            <line number="12" hits="1" branch="False" />
            <line number="13" hits="1" branch="False" />
            <line number="14" hits="1" branch="False" />
          </lines>
        </class>
        <class line-rate="0.981651376146789" branch-rate="0.58783783783783783" complexity="160" name="PPOISFirstFirst.Vector" filename="C:\Users\User\OneDrive\Рабочий стол\PPOISFirstFirst\PPOISFirstFirst\Vector.cs">
          <methods>
            <method line-rate="1" branch-rate="1" complexity="1" name="get_X" signature="()">
              <lines>
                <line number="13" hits="1" branch="False" />
              </lines>
            </method>
            <method line-rate="1" branch-rate="1" complexity="1" name="set_X" signature="(double)">
              <lines>
                <line number="13" hits="1" branch="False" />
              </lines>
            </method>
            <method line-rate="1" branch-rate="1" complexity="1" name="get_Y" signature="()">
              <lines>
                <line number="18" hits="1" branch="False" />
              </lines>
            </method>
            <method line-rate="1" branch-rate="1" complexity="1" name="set_Y" signature="(double)">
              <lines>
                <line number="18" hits="1" branch="False" />
              </lines>
            </method>
            <method line-rate="1" branch-rate="1" complexity="1" name="get_Z" signature="()">
              <lines>
                <line number="23" hits="1" branch="False" />
              </lines>
            </method>
            <method line-rate="1" branch-rate="1" complexity="1" name="set_Z" signature="(double)">
              <lines>
                <line number="23" hits="1" branch="False" />
              </lines>
            </method>
            <method line-rate="1" branch-rate="1" complexity="1" name="get_Length" signature="()">
              <lines>
                <line number="28" hits="1" branch="False" />
              </lines>
            </method>
            <method line-rate="1" branch-rate="1" complexity="1" name="set_Length" signature="(double)">
              <lines>
                <line number="28" hits="1" branch="False" />
              </lines>
            </method>
            <method line-rate="1" branch-rate="1" complexity="1" name=".ctor" signature="(double, double, double, double, double, double)">
              <lines>
                <line number="42" hits="1" branch="False" />
                <line number="43" hits="1" branch="False" />
                <line number="44" hits="1" branch="False" />
              </lines>
            </method>
            <method line-rate="1" branch-rate="1" complexity="1" name=".ctor" signature="(double, double, double)">
              <lines>
                <line number="53" hits="1" branch="False" />
                <line number="54" hits="1" branch="False" />
                <line number="55" hits="1" branch="False" />
              </lines>
            </method>
            <method line-rate="1" branch-rate="0.5" complexity="2" name=".ctor" signature="(double, double, double, PPOISFirstFirst.ILength)">
              <lines>
                <line number="65" hits="1" branch="False" />
                <line number="66" hits="1" branch="False" />
                <line number="67" hits="1" branch="False" />
                <line number="68" hits="1" branch="False" />
                <line number="69" hits="1" branch="False" />
                <line number="70" hits="1" branch="True" condition-coverage="50% (1/2)">
                  <conditions>
                    <condition number="0" type="jump" coverage="50%" />
                  </conditions>
                </line>
                <line number="71" hits="1" branch="False" />
                <line number="72" hits="1" branch="False" />
              </lines>
            </method>
            <method line-rate="1" branch-rate="0.5" complexity="4" name="op_Addition" signature="(PPOISFirstFirst.Vector, PPOISFirstFirst.Vector)">
              <lines>
                <line number="82" hits="1" branch="False" />
                <line number="83" hits="1" branch="True" condition-coverage="50% (1/2)">
                  <conditions>
                    <condition number="0" type="jump" coverage="50%" />
                  </conditions>
                </line>
                <line number="84" hits="1" branch="True" condition-coverage="50% (1/2)">
                  <conditions>
                    <condition number="0" type="jump" coverage="50%" />
                  </conditions>
                </line>
                <line number="86" hits="1" branch="False" />
                <line number="87" hits="1" branch="False" />
              </lines>
            </method>
            <method line-rate="1" branch-rate="0.5" complexity="4" name="op_Subtraction" signature="(PPOISFirstFirst.Vector, PPOISFirstFirst.Vector)">
              <lines>
                <line number="97" hits="1" branch="False" />
                <line number="98" hits="1" branch="True" condition-coverage="50% (1/2)">
                  <conditions>
                    <condition number="0" type="jump" coverage="50%" />
                  </conditions>
                </line>
                <line number="99" hits="1" branch="True" condition-coverage="50% (1/2)">
                  <conditions>
                    <condition number="0" type="jump" coverage="50%" />
                  </conditions>
                </line>
                <line number="101" hits="1" branch="False" />
                <line number="102" hits="1" branch="False" />
              </lines>
            </method>
            <method line-rate="1" branch-rate="0.5" complexity="4" name="op_Multiply" signature="(PPOISFirstFirst.Vector, PPOISFirstFirst.Vector)">
              <lines>
                <line number="112" hits="1" branch="False" />
                <line number="113" hits="1" branch="True" condition-coverage="50% (1/2)">
                  <conditions>
                    <condition number="0" type="jump" coverage="50%" />
                  </conditions>
                </line>
                <line number="114" hits="1" branch="True" condition-coverage="50% (1/2)">
                  <conditions>
                    <condition number="0" type="jump" coverage="50%" />
                  </conditions>
                </line>
                <line number="116" hits="1" branch="False" />
                <line number="117" hits="1" branch="False" />
                <line number="118" hits="1" branch="False" />
                <line number="119" hits="1" branch="False" />
                <line number="120" hits="1" branch="False" />
                <line number="121" hits="1" branch="False" />
              </lines>
            </method>
            <method line-rate="1" branch-rate="0.5" complexity="2" name="op_Multiply" signature="(PPOISFirstFirst.Vector, double)">
              <lines>
                <line number="131" hits="1" branch="False" />
                <line number="132" hits="1" branch="True" condition-coverage="50% (1/2)">
                  <conditions>
                    <condition number="0" type="jump" coverage="50%" />
                  </conditions>
                </line>
                <line number="134" hits="1" branch="False" />
                <line number="135" hits="1" branch="False" />
              </lines>
            </method>
            <method line-rate="1" branch-rate="0.5" complexity="2" name="op_Multiply" signature="(double, PPOISFirstFirst.Vector)">
              <lines>
                <line number="145" hits="1" branch="False" />
                <line number="146" hits="1" branch="True" condition-coverage="50% (1/2)">
                  <conditions>
                    <condition number="0" type="jump" coverage="50%" />
                  </conditions>
                </line>
                <line number="148" hits="1" branch="False" />
                <line number="149" hits="1" branch="False" />
              </lines>
            </method>
            <method line-rate="1" branch-rate="0.75" complexity="4" name="op_Division" signature="(PPOISFirstFirst.Vector, double)">
              <lines>
                <line number="160" hits="1" branch="False" />
                <line number="161" hits="1" branch="True" condition-coverage="50% (1/2)">
                  <conditions>
                    <condition number="0" type="jump" coverage="50%" />
                  </conditions>
                </line>
                <line number="162" hits="1" branch="True" condition-coverage="100% (2/2)">
                  <conditions>
                    <condition number="0" type="jump" coverage="100%" />
                  </conditions>
                </line>
                <line number="164" hits="1" branch="False" />
                <line number="165" hits="1" branch="False" />
              </lines>
            </method>
            <method line-rate="0.8571428571428571" branch-rate="0.5" complexity="8" name="op_ExclusiveOr" signature="(PPOISFirstFirst.Vector, PPOISFirstFirst.Vector)">
              <lines>
                <line number="176" hits="1" branch="False" />
                <line number="177" hits="1" branch="True" condition-coverage="50% (1/2)">
                  <conditions>
                    <condition number="0" type="jump" coverage="50%" />
                  </conditions>
                </line>
                <line number="178" hits="1" branch="True" condition-coverage="50% (1/2)">
                  <conditions>
                    <condition number="0" type="jump" coverage="50%" />
                  </conditions>
                </line>
                <line number="179" hits="1" branch="True" condition-coverage="50% (2/4)">
                  <conditions>
                    <condition number="0" type="jump" coverage="50%" />
                    <condition number="1" type="jump" coverage="50%" />
                  </conditions>
                </line>
                <line number="180" hits="0" branch="False" />
                <line number="182" hits="1" branch="False" />
                <line number="183" hits="1" branch="False" />
              </lines>
            </method>
            <method line-rate="1" branch-rate="0.8928571428571429" complexity="28" name="op_GreaterThan" signature="(PPOISFirstFirst.Vector, PPOISFirstFirst.Vector)">
              <lines>
                <line number="193" hits="1" branch="False" />
                <line number="194" hits="1" branch="True" condition-coverage="50% (1/2)">
                  <conditions>
                    <condition number="0" type="jump" coverage="50%" />
                  </conditions>
                </line>
                <line number="195" hits="1" branch="True" condition-coverage="50% (1/2)">
                  <conditions>
                    <condition number="0" type="jump" coverage="50%" />
                  </conditions>
                </line>
                <line number="197" hits="1" branch="True" condition-coverage="100% (6/6)">
                  <conditions>
                    <condition number="0" type="jump" coverage="100%" />
                    <condition number="1" type="jump" coverage="100%" />
                    <condition number="2" type="jump" coverage="100%" />
                  </conditions>
                </line>
                <line number="199" hits="1" branch="True" condition-coverage="94.44% (17/18)">
                  <conditions>
                    <condition number="0" type="jump" coverage="50%" />
                    <condition number="1" type="jump" coverage="100%" />
                    <condition number="2" type="jump" coverage="100%" />
                    <condition number="3" type="jump" coverage="100%" />
                    <condition number="4" type="jump" coverage="100%" />
                    <condition number="5" type="jump" coverage="100%" />
                    <condition number="6" type="jump" coverage="100%" />
                    <condition number="7" type="jump" coverage="100%" />
                    <condition number="8" type="jump" coverage="100%" />
                  </conditions>
                </line>
                <line number="200" hits="1" branch="False" />
                <line number="201" hits="1" branch="False" />
                <line number="202" hits="1" branch="False" />
                <line number="203" hits="1" branch="False" />
              </lines>
            </method>
            <method line-rate="1" branch-rate="0.8214285714285714" complexity="28" name="op_LessThan" signature="(PPOISFirstFirst.Vector, PPOISFirstFirst.Vector)">
              <lines>
                <line number="213" hits="1" branch="False" />
                <line number="214" hits="1" branch="True" condition-coverage="50% (1/2)">
                  <conditions>
                    <condition number="0" type="jump" coverage="50%" />
                  </conditions>
                </line>
                <line number="215" hits="1" branch="True" condition-coverage="50% (1/2)">
                  <conditions>
                    <condition number="0" type="jump" coverage="50%" />
                  </conditions>
                </line>
                <line number="217" hits="1" branch="True" condition-coverage="100% (6/6)">
                  <conditions>
                    <condition number="0" type="jump" coverage="100%" />
                    <condition number="1" type="jump" coverage="100%" />
                    <condition number="2" type="jump" coverage="100%" />
                  </conditions>
                </line>
                <line number="219" hits="1" branch="True" condition-coverage="83.33% (15/18)">
                  <conditions>
                    <condition number="0" type="jump" coverage="50%" />
                    <condition number="1" type="jump" coverage="100%" />
                    <condition number="2" type="jump" coverage="100%" />
                    <condition number="3" type="jump" coverage="100%" />
                    <condition number="4" type="jump" coverage="100%" />
                    <condition number="5" type="jump" coverage="100%" />
                    <condition number="6" type="jump" coverage="100%" />
                    <condition number="7" type="jump" coverage="50%" />
                    <condition number="8" type="jump" coverage="50%" />
                  </conditions>
                </line>
                <line number="220" hits="1" branch="False" />
                <line number="221" hits="1" branch="False" />
                <line number="222" hits="1" branch="False" />
                <line number="223" hits="1" branch="False" />
              </lines>
            </method>
            <method line-rate="1" branch-rate="0.35714285714285715" complexity="28" name="op_GreaterThanOrEqual" signature="(PPOISFirstFirst.Vector, PPOISFirstFirst.Vector)">
              <lines>
                <line number="233" hits="1" branch="False" />
                <line number="234" hits="1" branch="True" condition-coverage="50% (1/2)">
                  <conditions>
                    <condition number="0" type="jump" coverage="50%" />
                  </conditions>
                </line>
                <line number="235" hits="1" branch="True" condition-coverage="50% (1/2)">
                  <conditions>
                    <condition number="0" type="jump" coverage="50%" />
                  </conditions>
                </line>
                <line number="237" hits="1" branch="True" condition-coverage="66.67% (4/6)">
                  <conditions>
                    <condition number="0" type="jump" coverage="100%" />
                    <condition number="1" type="jump" coverage="50%" />
                    <condition number="2" type="jump" coverage="50%" />
                  </conditions>
                </line>
                <line number="239" hits="1" branch="True" condition-coverage="22.22% (4/18)">
                  <conditions>
                    <condition number="0" type="jump" coverage="50%" />
                    <condition number="1" type="jump" coverage="50%" />
                    <condition number="2" type="jump" coverage="50%" />
                    <condition number="3" type="jump" coverage="50%" />
                    <condition number="4" type="jump" coverage="0%" />
                    <condition number="5" type="jump" coverage="0%" />
                    <condition number="6" type="jump" coverage="0%" />
                    <condition number="7" type="jump" coverage="0%" />
                    <condition number="8" type="jump" coverage="0%" />
                  </conditions>
                </line>
                <line number="240" hits="1" branch="False" />
                <line number="241" hits="1" branch="False" />
                <line number="242" hits="1" branch="False" />
                <line number="243" hits="1" branch="False" />
              </lines>
            </method>
            <method line-rate="1" branch-rate="0.35714285714285715" complexity="28" name="op_LessThanOrEqual" signature="(PPOISFirstFirst.Vector, PPOISFirstFirst.Vector)">
              <lines>
                <line number="253" hits="1" branch="False" />
                <line number="254" hits="1" branch="True" condition-coverage="50% (1/2)">
                  <conditions>
                    <condition number="0" type="jump" coverage="50%" />
                  </conditions>
                </line>
                <line number="255" hits="1" branch="True" condition-coverage="50% (1/2)">
                  <conditions>
                    <condition number="0" type="jump" coverage="50%" />
                  </conditions>
                </line>
                <line number="257" hits="1" branch="True" condition-coverage="66.67% (4/6)">
                  <conditions>
                    <condition number="0" type="jump" coverage="100%" />
                    <condition number="1" type="jump" coverage="50%" />
                    <condition number="2" type="jump" coverage="50%" />
                  </conditions>
                </line>
                <line number="259" hits="1" branch="True" condition-coverage="22.22% (4/18)">
                  <conditions>
                    <condition number="0" type="jump" coverage="50%" />
                    <condition number="1" type="jump" coverage="50%" />
                    <condition number="2" type="jump" coverage="50%" />
                    <condition number="3" type="jump" coverage="50%" />
                    <condition number="4" type="jump" coverage="0%" />
                    <condition number="5" type="jump" coverage="0%" />
                    <condition number="6" type="jump" coverage="0%" />
                    <condition number="7" type="jump" coverage="0%" />
                    <condition number="8" type="jump" coverage="0%" />
                  </conditions>
                </line>
                <line number="260" hits="1" branch="False" />
                <line number="261" hits="1" branch="False" />
                <line number="262" hits="1" branch="False" />
                <line number="263" hits="1" branch="False" />
              </lines>
            </method>
            <method line-rate="1" branch-rate="1" complexity="1" name="ToString" signature="()">
              <lines>
                <line number="270" hits="1" branch="False" />
                <line number="271" hits="1" branch="False" />
                <line number="272" hits="1" branch="False" />
              </lines>
            </method>
            <method line-rate="0.83333333333333337" branch-rate="0.5" complexity="6" name="Equals" signature="(object)">
              <lines>
                <line number="280" hits="1" branch="False" />
                <line number="281" hits="1" branch="True" condition-coverage="50% (1/2)">
                  <conditions>
                    <condition number="0" type="jump" coverage="50%" />
                  </conditions>
                </line>
                <line number="282" hits="1" branch="False" />
                <line number="283" hits="1" branch="True" condition-coverage="50% (2/4)">
                  <conditions>
                    <condition number="0" type="jump" coverage="50%" />
                    <condition number="1" type="jump" coverage="50%" />
                  </conditions>
                </line>
                <line number="285" hits="0" branch="False" />
                <line number="286" hits="1" branch="False" />
              </lines>
            </method>
            <method line-rate="1" branch-rate="1" complexity="1" name="GetHashCode" signature="()">
              <lines>
                <line number="293" hits="1" branch="False" />
                <line number="294" hits="1" branch="False" />
                <line number="295" hits="1" branch="False" />
              </lines>
            </method>
          </methods>
          <lines>
            <line number="13" hits="1" branch="False" />
            <line number="18" hits="1" branch="False" />
            <line number="23" hits="1" branch="False" />
            <line number="28" hits="1" branch="False" />
            <line number="42" hits="1" branch="False" />
            <line number="43" hits="1" branch="False" />
            <line number="44" hits="1" branch="False" />
            <line number="53" hits="1" branch="False" />
            <line number="54" hits="1" branch="False" />
            <line number="55" hits="1" branch="False" />
            <line number="65" hits="1" branch="False" />
            <line number="66" hits="1" branch="False" />
            <line number="67" hits="1" branch="False" />
            <line number="68" hits="1" branch="False" />
            <line number="69" hits="1" branch="False" />
            <line number="70" hits="1" branch="True" condition-coverage="50% (1/2)">
              <conditions>
                <condition number="0" type="jump" coverage="50%" />
              </conditions>
            </line>
            <line number="71" hits="1" branch="False" />
            <line number="72" hits="1" branch="False" />
            <line number="82" hits="1" branch="False" />
            <line number="83" hits="1" branch="True" condition-coverage="50% (1/2)">
              <conditions>
                <condition number="0" type="jump" coverage="50%" />
              </conditions>
            </line>
            <line number="84" hits="1" branch="True" condition-coverage="50% (1/2)">
              <conditions>
                <condition number="0" type="jump" coverage="50%" />
              </conditions>
            </line>
            <line number="86" hits="1" branch="False" />
            <line number="87" hits="1" branch="False" />
            <line number="97" hits="1" branch="False" />
            <line number="98" hits="1" branch="True" condition-coverage="50% (1/2)">
              <conditions>
                <condition number="0" type="jump" coverage="50%" />
              </conditions>
            </line>
            <line number="99" hits="1" branch="True" condition-coverage="50% (1/2)">
              <conditions>
                <condition number="0" type="jump" coverage="50%" />
              </conditions>
            </line>
            <line number="101" hits="1" branch="False" />
            <line number="102" hits="1" branch="False" />
            <line number="112" hits="1" branch="False" />
            <line number="113" hits="1" branch="True" condition-coverage="50% (1/2)">
              <conditions>
                <condition number="0" type="jump" coverage="50%" />
              </conditions>
            </line>
            <line number="114" hits="1" branch="True" condition-coverage="50% (1/2)">
              <conditions>
                <condition number="0" type="jump" coverage="50%" />
              </conditions>
            </line>
            <line number="116" hits="1" branch="False" />
            <line number="117" hits="1" branch="False" />
            <line number="118" hits="1" branch="False" />
            <line number="119" hits="1" branch="False" />
            <line number="120" hits="1" branch="False" />
            <line number="121" hits="1" branch="False" />
            <line number="131" hits="1" branch="False" />
            <line number="132" hits="1" branch="True" condition-coverage="50% (1/2)">
              <conditions>
                <condition number="0" type="jump" coverage="50%" />
              </conditions>
            </line>
            <line number="134" hits="1" branch="False" />
            <line number="135" hits="1" branch="False" />
            <line number="145" hits="1" branch="False" />
            <line number="146" hits="1" branch="True" condition-coverage="50% (1/2)">
              <conditions>
                <condition number="0" type="jump" coverage="50%" />
              </conditions>
            </line>
            <line number="148" hits="1" branch="False" />
            <line number="149" hits="1" branch="False" />
            <line number="160" hits="1" branch="False" />
            <line number="161" hits="1" branch="True" condition-coverage="50% (1/2)">
              <conditions>
                <condition number="0" type="jump" coverage="50%" />
              </conditions>
            </line>
            <line number="162" hits="1" branch="True" condition-coverage="100% (2/2)">
              <conditions>
                <condition number="0" type="jump" coverage="100%" />
              </conditions>
            </line>
            <line number="164" hits="1" branch="False" />
            <line number="165" hits="1" branch="False" />
            <line number="176" hits="1" branch="False" />
            <line number="177" hits="1" branch="True" condition-coverage="50% (1/2)">
              <conditions>
                <condition number="0" type="jump" coverage="50%" />
              </conditions>
            </line>
            <line number="178" hits="1" branch="True" condition-coverage="50% (1/2)">
              <conditions>
                <condition number="0" type="jump" coverage="50%" />
              </conditions>
            </line>
            <line number="179" hits="1" branch="True" condition-coverage="50% (2/4)">
              <conditions>
                <condition number="0" type="jump" coverage="50%" />
                <condition number="1" type="jump" coverage="50%" />
              </conditions>
            </line>
            <line number="180" hits="0" branch="False" />
            <line number="182" hits="1" branch="False" />
            <line number="183" hits="1" branch="False" />
            <line number="193" hits="1" branch="False" />
            <line number="194" hits="1" branch="True" condition-coverage="50% (1/2)">
              <conditions>
                <condition number="0" type="jump" coverage="50%" />
              </conditions>
            </line>
            <line number="195" hits="1" branch="True" condition-coverage="50% (1/2)">
              <conditions>
                <condition number="0" type="jump" coverage="50%" />
              </conditions>
            </line>
            <line number="197" hits="1" branch="True" condition-coverage="100% (6/6)">
              <conditions>
                <condition number="0" type="jump" coverage="100%" />
                <condition number="1" type="jump" coverage="100%" />
                <condition number="2" type="jump" coverage="100%" />
              </conditions>
            </line>
            <line number="199" hits="1" branch="True" condition-coverage="94.44% (17/18)">
              <conditions>
                <condition number="0" type="jump" coverage="50%" />
                <condition number="1" type="jump" coverage="100%" />
                <condition number="2" type="jump" coverage="100%" />
                <condition number="3" type="jump" coverage="100%" />
                <condition number="4" type="jump" coverage="100%" />
                <condition number="5" type="jump" coverage="100%" />
                <condition number="6" type="jump" coverage="100%" />
                <condition number="7" type="jump" coverage="100%" />
                <condition number="8" type="jump" coverage="100%" />
              </conditions>
            </line>
            <line number="200" hits="1" branch="False" />
            <line number="201" hits="1" branch="False" />
            <line number="202" hits="1" branch="False" />
            <line number="203" hits="1" branch="False" />
            <line number="213" hits="1" branch="False" />
            <line number="214" hits="1" branch="True" condition-coverage="50% (1/2)">
              <conditions>
                <condition number="0" type="jump" coverage="50%" />
              </conditions>
            </line>
            <line number="215" hits="1" branch="True" condition-coverage="50% (1/2)">
              <conditions>
                <condition number="0" type="jump" coverage="50%" />
              </conditions>
            </line>
            <line number="217" hits="1" branch="True" condition-coverage="100% (6/6)">
              <conditions>
                <condition number="0" type="jump" coverage="100%" />
                <condition number="1" type="jump" coverage="100%" />
                <condition number="2" type="jump" coverage="100%" />
              </conditions>
            </line>
            <line number="219" hits="1" branch="True" condition-coverage="83.33% (15/18)">
              <conditions>
                <condition number="0" type="jump" coverage="50%" />
                <condition number="1" type="jump" coverage="100%" />
                <condition number="2" type="jump" coverage="100%" />
                <condition number="3" type="jump" coverage="100%" />
                <condition number="4" type="jump" coverage="100%" />
                <condition number="5" type="jump" coverage="100%" />
                <condition number="6" type="jump" coverage="100%" />
                <condition number="7" type="jump" coverage="50%" />
                <condition number="8" type="jump" coverage="50%" />
              </conditions>
            </line>
            <line number="220" hits="1" branch="False" />
            <line number="221" hits="1" branch="False" />
            <line number="222" hits="1" branch="False" />
            <line number="223" hits="1" branch="False" />
            <line number="233" hits="1" branch="False" />
            <line number="234" hits="1" branch="True" condition-coverage="50% (1/2)">
              <conditions>
                <condition number="0" type="jump" coverage="50%" />
              </conditions>
            </line>
            <line number="235" hits="1" branch="True" condition-coverage="50% (1/2)">
              <conditions>
                <condition number="0" type="jump" coverage="50%" />
              </conditions>
            </line>
            <line number="237" hits="1" branch="True" condition-coverage="66.67% (4/6)">
              <conditions>
                <condition number="0" type="jump" coverage="100%" />
                <condition number="1" type="jump" coverage="50%" />
                <condition number="2" type="jump" coverage="50%" />
              </conditions>
            </line>
            <line number="239" hits="1" branch="True" condition-coverage="22.22% (4/18)">
              <conditions>
                <condition number="0" type="jump" coverage="50%" />
                <condition number="1" type="jump" coverage="50%" />
                <condition number="2" type="jump" coverage="50%" />
                <condition number="3" type="jump" coverage="50%" />
                <condition number="4" type="jump" coverage="0%" />
                <condition number="5" type="jump" coverage="0%" />
                <condition number="6" type="jump" coverage="0%" />
                <condition number="7" type="jump" coverage="0%" />
                <condition number="8" type="jump" coverage="0%" />
              </conditions>
            </line>
            <line number="240" hits="1" branch="False" />
            <line number="241" hits="1" branch="False" />
            <line number="242" hits="1" branch="False" />
            <line number="243" hits="1" branch="False" />
            <line number="253" hits="1" branch="False" />
            <line number="254" hits="1" branch="True" condition-coverage="50% (1/2)">
              <conditions>
                <condition number="0" type="jump" coverage="50%" />
              </conditions>
            </line>
            <line number="255" hits="1" branch="True" condition-coverage="50% (1/2)">
              <conditions>
                <condition number="0" type="jump" coverage="50%" />
              </conditions>
            </line>
            <line number="257" hits="1" branch="True" condition-coverage="66.67% (4/6)">
              <conditions>
                <condition number="0" type="jump" coverage="100%" />
                <condition number="1" type="jump" coverage="50%" />
                <condition number="2" type="jump" coverage="50%" />
              </conditions>
            </line>
            <line number="259" hits="1" branch="True" condition-coverage="22.22% (4/18)">
              <conditions>
                <condition number="0" type="jump" coverage="50%" />
                <condition number="1" type="jump" coverage="50%" />
                <condition number="2" type="jump" coverage="50%" />
                <condition number="3" type="jump" coverage="50%" />
                <condition number="4" type="jump" coverage="0%" />
                <condition number="5" type="jump" coverage="0%" />
                <condition number="6" type="jump" coverage="0%" />
                <condition number="7" type="jump" coverage="0%" />
                <condition number="8" type="jump" coverage="0%" />
              </conditions>
            </line>
            <line number="260" hits="1" branch="False" />
            <line number="261" hits="1" branch="False" />
            <line number="262" hits="1" branch="False" />
            <line number="263" hits="1" branch="False" />
            <line number="270" hits="1" branch="False" />
            <line number="271" hits="1" branch="False" />
            <line number="272" hits="1" branch="False" />
            <line number="280" hits="1" branch="False" />
            <line number="281" hits="1" branch="True" condition-coverage="50% (1/2)">
              <conditions>
                <condition number="0" type="jump" coverage="50%" />
              </conditions>
            </line>
            <line number="282" hits="1" branch="False" />
            <line number="283" hits="1" branch="True" condition-coverage="50% (2/4)">
              <conditions>
                <condition number="0" type="jump" coverage="50%" />
                <condition number="1" type="jump" coverage="50%" />
              </conditions>
            </line>
            <line number="285" hits="0" branch="False" />
            <line number="286" hits="1" branch="False" />
            <line number="293" hits="1" branch="False" />
            <line number="294" hits="1" branch="False" />
            <line number="295" hits="1" branch="False" />
          </lines>
        </class>
      </classes>
    </package>
  </packages>
</coverage>