<?xml version="1.0" encoding="utf-8"?>
<coverage line-rate="0.9636" branch-rate="0.6013000000000001" version="1.9" timestamp="1757875581" lines-covered="106" lines-valid="110" branches-covered="89" branches-valid="148">
  <sources>
    <source>C:\Users\User\OneDrive\Рабочий стол\PPOISFirstFirst\PPOISFirstFirst\</source>
  </sources>
  <packages>
    <package name="PPOISFirstFirst" line-rate="0.9636" branch-rate="0.6013000000000001" complexity="158">
      <classes>
        <class name="Program" filename="Program.cs" line-rate="0" branch-rate="1" complexity="1">
          <methods>
            <method name="Main" signature="()" line-rate="0" branch-rate="1" complexity="1">
              <lines>
                <line number="7" hits="0" branch="False" />
                <line number="9" hits="0" branch="False" />
              </lines>
            </method>
          </methods>
          <lines>
            <line number="7" hits="0" branch="False" />
            <line number="9" hits="0" branch="False" />
          </lines>
        </class>
        <class name="PPOISFirstFirst.DefaultLengthCalculator" filename="Calculate.cs" line-rate="1" branch-rate="1" complexity="1">
          <methods>
            <method name="CalculateLength" signature="(System.Double,System.Double,System.Double)" line-rate="1" branch-rate="1" complexity="1">
              <lines>
                <line number="12" hits="103" branch="False" />
                <line number="13" hits="103" branch="False" />
                <line number="14" hits="103" branch="False" />
              </lines>
            </method>
          </methods>
          <lines>
            <line number="12" hits="103" branch="False" />
            <line number="13" hits="103" branch="False" />
            <line number="14" hits="103" branch="False" />
          </lines>
        </class>
        <class name="PPOISFirstFirst.Vector" filename="Vector.cs" line-rate="0.9809" branch-rate="0.6013000000000001" complexity="156">
          <methods>
            <method name="get_X" signature="()" line-rate="1" branch-rate="1" complexity="1">
              <lines>
                <line number="13" hits="376" branch="False" />
              </lines>
            </method>
            <method name="get_Y" signature="()" line-rate="1" branch-rate="1" complexity="1">
              <lines>
                <line number="18" hits="372" branch="False" />
              </lines>
            </method>
            <method name="get_Z" signature="()" line-rate="1" branch-rate="1" complexity="1">
              <lines>
                <line number="23" hits="368" branch="False" />
              </lines>
            </method>
            <method name="get_Length" signature="()" line-rate="1" branch-rate="1" complexity="1">
              <lines>
                <line number="28" hits="120" branch="False" />
              </lines>
            </method>
            <method name="op_Addition" signature="(PPOISFirstFirst.Vector,PPOISFirstFirst.Vector)" line-rate="1" branch-rate="0.5" complexity="4">
              <lines>
                <line number="82" hits="13" branch="False" />
                <line number="83" hits="13" branch="True" condition-coverage="50% (1/2)">
                  <conditions>
                    <condition number="7" type="jump" coverage="50%" />
                  </conditions>
                </line>
                <line number="84" hits="13" branch="True" condition-coverage="50% (1/2)">
                  <conditions>
                    <condition number="26" type="jump" coverage="50%" />
                  </conditions>
                </line>
                <line number="86" hits="13" branch="False" />
                <line number="87" hits="13" branch="False" />
              </lines>
            </method>
            <method name="op_Subtraction" signature="(PPOISFirstFirst.Vector,PPOISFirstFirst.Vector)" line-rate="1" branch-rate="0.5" complexity="4">
              <lines>
                <line number="97" hits="3" branch="False" />
                <line number="98" hits="3" branch="True" condition-coverage="50% (1/2)">
                  <conditions>
                    <condition number="7" type="jump" coverage="50%" />
                  </conditions>
                </line>
                <line number="99" hits="3" branch="True" condition-coverage="50% (1/2)">
                  <conditions>
                    <condition number="26" type="jump" coverage="50%" />
                  </conditions>
                </line>
                <line number="101" hits="3" branch="False" />
                <line number="102" hits="3" branch="False" />
              </lines>
            </method>
            <method name="op_Multiply" signature="(PPOISFirstFirst.Vector,PPOISFirstFirst.Vector)" line-rate="1" branch-rate="0.5" complexity="4">
              <lines>
                <line number="112" hits="7" branch="False" />
                <line number="113" hits="7" branch="True" condition-coverage="50% (1/2)">
                  <conditions>
                    <condition number="7" type="jump" coverage="50%" />
                  </conditions>
                </line>
                <line number="114" hits="7" branch="True" condition-coverage="50% (1/2)">
                  <conditions>
                    <condition number="26" type="jump" coverage="50%" />
                  </conditions>
                </line>
                <line number="116" hits="7" branch="False" />
                <line number="117" hits="7" branch="False" />
                <line number="118" hits="7" branch="False" />
                <line number="119" hits="7" branch="False" />
                <line number="120" hits="7" branch="False" />
                <line number="121" hits="7" branch="False" />
              </lines>
            </method>
            <method name="op_Multiply" signature="(PPOISFirstFirst.Vector,System.Double)" line-rate="1" branch-rate="0.5" complexity="2">
              <lines>
                <line number="131" hits="4" branch="False" />
                <line number="132" hits="4" branch="True" condition-coverage="50% (1/2)">
                  <conditions>
                    <condition number="7" type="jump" coverage="50%" />
                  </conditions>
                </line>
                <line number="134" hits="4" branch="False" />
                <line number="135" hits="4" branch="False" />
              </lines>
            </method>
            <method name="op_Multiply" signature="(System.Double,PPOISFirstFirst.Vector)" line-rate="1" branch-rate="0.5" complexity="2">
              <lines>
                <line number="145" hits="4" branch="False" />
                <line number="146" hits="4" branch="True" condition-coverage="50% (1/2)">
                  <conditions>
                    <condition number="7" type="jump" coverage="50%" />
                  </conditions>
                </line>
                <line number="148" hits="4" branch="False" />
                <line number="149" hits="4" branch="False" />
              </lines>
            </method>
            <method name="op_Division" signature="(PPOISFirstFirst.Vector,System.Double)" line-rate="1" branch-rate="0.75" complexity="4">
              <lines>
                <line number="160" hits="3" branch="False" />
                <line number="161" hits="3" branch="True" condition-coverage="50% (1/2)">
                  <conditions>
                    <condition number="7" type="jump" coverage="50%" />
                  </conditions>
                </line>
                <line number="162" hits="4" branch="True" condition-coverage="100% (2/2)">
                  <conditions>
                    <condition number="34" type="jump" coverage="100%" />
                  </conditions>
                </line>
                <line number="164" hits="2" branch="False" />
                <line number="165" hits="2" branch="False" />
              </lines>
            </method>
            <method name="op_ExclusiveOr" signature="(PPOISFirstFirst.Vector,PPOISFirstFirst.Vector)" line-rate="0.8571" branch-rate="0.5" complexity="8">
              <lines>
                <line number="176" hits="4" branch="False" />
                <line number="177" hits="4" branch="True" condition-coverage="50% (1/2)">
                  <conditions>
                    <condition number="7" type="jump" coverage="50%" />
                  </conditions>
                </line>
                <line number="178" hits="4" branch="True" condition-coverage="50% (1/2)">
                  <conditions>
                    <condition number="26" type="jump" coverage="50%" />
                  </conditions>
                </line>
                <line number="179" hits="4" branch="True" condition-coverage="50% (2/4)">
                  <conditions>
                    <condition number="54" type="jump" coverage="50%" />
                    <condition number="78" type="jump" coverage="50%" />
                  </conditions>
                </line>
                <line number="180" hits="0" branch="False" />
                <line number="182" hits="4" branch="False" />
                <line number="183" hits="4" branch="False" />
              </lines>
            </method>
            <method name="op_GreaterThan" signature="(PPOISFirstFirst.Vector,PPOISFirstFirst.Vector)" line-rate="1" branch-rate="0.8928" complexity="28">
              <lines>
                <line number="193" hits="5" branch="False" />
                <line number="194" hits="5" branch="True" condition-coverage="50% (1/2)">
                  <conditions>
                    <condition number="7" type="jump" coverage="50%" />
                  </conditions>
                </line>
                <line number="195" hits="5" branch="True" condition-coverage="50% (1/2)">
                  <conditions>
                    <condition number="26" type="jump" coverage="50%" />
                  </conditions>
                </line>
                <line number="197" hits="5" branch="True" condition-coverage="100% (6/6)">
                  <conditions>
                    <condition number="51" type="jump" coverage="100%" />
                    <condition number="69" type="jump" coverage="100%" />
                    <condition number="88" type="jump" coverage="100%" />
                  </conditions>
                </line>
                <line number="199" hits="5" branch="True" condition-coverage="94.44% (17/18)">
                  <conditions>
                    <condition number="98" type="jump" coverage="50%" />
                    <condition number="115" type="jump" coverage="100%" />
                    <condition number="129" type="jump" coverage="100%" />
                    <condition number="143" type="jump" coverage="100%" />
                    <condition number="157" type="jump" coverage="100%" />
                    <condition number="171" type="jump" coverage="100%" />
                    <condition number="185" type="jump" coverage="100%" />
                    <condition number="199" type="jump" coverage="100%" />
                    <condition number="213" type="jump" coverage="100%" />
                  </conditions>
                </line>
                <line number="200" hits="5" branch="False" />
                <line number="201" hits="5" branch="False" />
                <line number="202" hits="5" branch="False" />
                <line number="203" hits="5" branch="False" />
              </lines>
            </method>
            <method name="op_LessThan" signature="(PPOISFirstFirst.Vector,PPOISFirstFirst.Vector)" line-rate="1" branch-rate="0.8214" complexity="28">
              <lines>
                <line number="213" hits="3" branch="False" />
                <line number="214" hits="3" branch="True" condition-coverage="50% (1/2)">
                  <conditions>
                    <condition number="7" type="jump" coverage="50%" />
                  </conditions>
                </line>
                <line number="215" hits="3" branch="True" condition-coverage="50% (1/2)">
                  <conditions>
                    <condition number="26" type="jump" coverage="50%" />
                  </conditions>
                </line>
                <line number="217" hits="3" branch="True" condition-coverage="100% (6/6)">
                  <conditions>
                    <condition number="51" type="jump" coverage="100%" />
                    <condition number="69" type="jump" coverage="100%" />
                    <condition number="88" type="jump" coverage="100%" />
                  </conditions>
                </line>
                <line number="219" hits="3" branch="True" condition-coverage="83.33% (15/18)">
                  <conditions>
                    <condition number="98" type="jump" coverage="50%" />
                    <condition number="115" type="jump" coverage="100%" />
                    <condition number="129" type="jump" coverage="100%" />
                    <condition number="143" type="jump" coverage="100%" />
                    <condition number="157" type="jump" coverage="100%" />
                    <condition number="171" type="jump" coverage="100%" />
                    <condition number="185" type="jump" coverage="100%" />
                    <condition number="199" type="jump" coverage="50%" />
                    <condition number="213" type="jump" coverage="50%" />
                  </conditions>
                </line>
                <line number="220" hits="3" branch="False" />
                <line number="221" hits="3" branch="False" />
                <line number="222" hits="3" branch="False" />
                <line number="223" hits="3" branch="False" />
              </lines>
            </method>
            <method name="op_GreaterThanOrEqual" signature="(PPOISFirstFirst.Vector,PPOISFirstFirst.Vector)" line-rate="1" branch-rate="0.39280000000000004" complexity="28">
              <lines>
                <line number="233" hits="2" branch="False" />
                <line number="234" hits="2" branch="True" condition-coverage="50% (1/2)">
                  <conditions>
                    <condition number="7" type="jump" coverage="50%" />
                  </conditions>
                </line>
                <line number="235" hits="2" branch="True" condition-coverage="50% (1/2)">
                  <conditions>
                    <condition number="26" type="jump" coverage="50%" />
                  </conditions>
                </line>
                <line number="237" hits="2" branch="True" condition-coverage="66.66% (4/6)">
                  <conditions>
                    <condition number="51" type="jump" coverage="100%" />
                    <condition number="69" type="jump" coverage="50%" />
                    <condition number="88" type="jump" coverage="50%" />
                  </conditions>
                </line>
                <line number="239" hits="2" branch="True" condition-coverage="27.77% (5/18)">
                  <conditions>
                    <condition number="98" type="jump" coverage="50%" />
                    <condition number="115" type="jump" coverage="50%" />
                    <condition number="129" type="jump" coverage="50%" />
                    <condition number="143" type="jump" coverage="50%" />
                    <condition number="157" type="jump" coverage="0%" />
                    <condition number="171" type="jump" coverage="0%" />
                    <condition number="185" type="jump" coverage="50%" />
                    <condition number="199" type="jump" coverage="0%" />
                    <condition number="213" type="jump" coverage="0%" />
                  </conditions>
                </line>
                <line number="240" hits="2" branch="False" />
                <line number="241" hits="2" branch="False" />
                <line number="242" hits="2" branch="False" />
                <line number="243" hits="2" branch="False" />
              </lines>
            </method>
            <method name="op_LessThanOrEqual" signature="(PPOISFirstFirst.Vector,PPOISFirstFirst.Vector)" line-rate="1" branch-rate="0.39280000000000004" complexity="28">
              <lines>
                <line number="253" hits="2" branch="False" />
                <line number="254" hits="2" branch="True" condition-coverage="50% (1/2)">
                  <conditions>
                    <condition number="7" type="jump" coverage="50%" />
                  </conditions>
                </line>
                <line number="255" hits="2" branch="True" condition-coverage="50% (1/2)">
                  <conditions>
                    <condition number="26" type="jump" coverage="50%" />
                  </conditions>
                </line>
                <line number="257" hits="2" branch="True" condition-coverage="66.66% (4/6)">
                  <conditions>
                    <condition number="51" type="jump" coverage="100%" />
                    <condition number="69" type="jump" coverage="50%" />
                    <condition number="88" type="jump" coverage="50%" />
                  </conditions>
                </line>
                <line number="259" hits="2" branch="True" condition-coverage="27.77% (5/18)">
                  <conditions>
                    <condition number="98" type="jump" coverage="50%" />
                    <condition number="115" type="jump" coverage="50%" />
                    <condition number="129" type="jump" coverage="50%" />
                    <condition number="143" type="jump" coverage="50%" />
                    <condition number="157" type="jump" coverage="0%" />
                    <condition number="171" type="jump" coverage="0%" />
                    <condition number="185" type="jump" coverage="50%" />
                    <condition number="199" type="jump" coverage="0%" />
                    <condition number="213" type="jump" coverage="0%" />
                  </conditions>
                </line>
                <line number="260" hits="2" branch="False" />
                <line number="261" hits="2" branch="False" />
                <line number="262" hits="2" branch="False" />
                <line number="263" hits="2" branch="False" />
              </lines>
            </method>
            <method name="ToString" signature="()" line-rate="1" branch-rate="1" complexity="1">
              <lines>
                <line number="270" hits="1" branch="False" />
                <line number="271" hits="1" branch="False" />
                <line number="272" hits="1" branch="False" />
              </lines>
            </method>
            <method name="Equals" signature="(System.Object)" line-rate="0.8332999999999999" branch-rate="0.5" complexity="6">
              <lines>
                <line number="280" hits="2" branch="False" />
                <line number="281" hits="2" branch="True" condition-coverage="50% (1/2)">
                  <conditions>
                    <condition number="14" type="jump" coverage="50%" />
                  </conditions>
                </line>
                <line number="282" hits="2" branch="False" />
                <line number="283" hits="2" branch="True" condition-coverage="50% (2/4)">
                  <conditions>
                    <condition number="29" type="jump" coverage="50%" />
                    <condition number="43" type="jump" coverage="50%" />
                  </conditions>
                </line>
                <line number="285" hits="0" branch="False" />
                <line number="286" hits="2" branch="False" />
              </lines>
            </method>
            <method name="GetHashCode" signature="()" line-rate="1" branch-rate="1" complexity="1">
              <lines>
                <line number="293" hits="2" branch="False" />
                <line number="294" hits="2" branch="False" />
                <line number="295" hits="2" branch="False" />
              </lines>
            </method>
            <method name=".ctor" signature="(System.Double,System.Double,System.Double,System.Double,System.Double,System.Double)" line-rate="1" branch-rate="1" complexity="1">
              <lines>
                <line number="42" hits="1" branch="False" />
                <line number="43" hits="1" branch="False" />
                <line number="44" hits="1" branch="False" />
              </lines>
            </method>
            <method name=".ctor" signature="(System.Double,System.Double,System.Double)" line-rate="1" branch-rate="1" complexity="1">
              <lines>
                <line number="53" hits="102" branch="False" />
                <line number="54" hits="102" branch="False" />
                <line number="55" hits="102" branch="False" />
              </lines>
            </method>
            <method name=".ctor" signature="(System.Double,System.Double,System.Double,PPOISFirstFirst.ILength)" line-rate="1" branch-rate="0.5" complexity="2">
              <lines>
                <line number="65" hits="103" branch="False" />
                <line number="66" hits="103" branch="False" />
                <line number="67" hits="103" branch="False" />
                <line number="68" hits="103" branch="False" />
                <line number="69" hits="103" branch="False" />
                <line number="70" hits="103" branch="True" condition-coverage="50% (1/2)">
                  <conditions>
                    <condition number="36" type="jump" coverage="50%" />
                  </conditions>
                </line>
                <line number="71" hits="103" branch="False" />
                <line number="72" hits="103" branch="False" />
              </lines>
            </method>
          </methods>
          <lines>
            <line number="13" hits="376" branch="False" />
            <line number="18" hits="372" branch="False" />
            <line number="23" hits="368" branch="False" />
            <line number="28" hits="120" branch="False" />
            <line number="82" hits="13" branch="False" />
            <line number="83" hits="13" branch="True" condition-coverage="50% (1/2)">
              <conditions>
                <condition number="7" type="jump" coverage="50%" />
              </conditions>
            </line>
            <line number="84" hits="13" branch="True" condition-coverage="50% (1/2)">
              <conditions>
                <condition number="26" type="jump" coverage="50%" />
              </conditions>
            </line>
            <line number="86" hits="13" branch="False" />
            <line number="87" hits="13" branch="False" />
            <line number="97" hits="3" branch="False" />
            <line number="98" hits="3" branch="True" condition-coverage="50% (1/2)">
              <conditions>
                <condition number="7" type="jump" coverage="50%" />
              </conditions>
            </line>
            <line number="99" hits="3" branch="True" condition-coverage="50% (1/2)">
              <conditions>
                <condition number="26" type="jump" coverage="50%" />
              </conditions>
            </line>
            <line number="101" hits="3" branch="False" />
            <line number="102" hits="3" branch="False" />
            <line number="112" hits="7" branch="False" />
            <line number="113" hits="7" branch="True" condition-coverage="50% (1/2)">
              <conditions>
                <condition number="7" type="jump" coverage="50%" />
              </conditions>
            </line>
            <line number="114" hits="7" branch="True" condition-coverage="50% (1/2)">
              <conditions>
                <condition number="26" type="jump" coverage="50%" />
              </conditions>
            </line>
            <line number="116" hits="7" branch="False" />
            <line number="117" hits="7" branch="False" />
            <line number="118" hits="7" branch="False" />
            <line number="119" hits="7" branch="False" />
            <line number="120" hits="7" branch="False" />
            <line number="121" hits="7" branch="False" />
            <line number="131" hits="4" branch="False" />
            <line number="132" hits="4" branch="True" condition-coverage="50% (1/2)">
              <conditions>
                <condition number="7" type="jump" coverage="50%" />
              </conditions>
            </line>
            <line number="134" hits="4" branch="False" />
            <line number="135" hits="4" branch="False" />
            <line number="145" hits="4" branch="False" />
            <line number="146" hits="4" branch="True" condition-coverage="50% (1/2)">
              <conditions>
                <condition number="7" type="jump" coverage="50%" />
              </conditions>
            </line>
            <line number="148" hits="4" branch="False" />
            <line number="149" hits="4" branch="False" />
            <line number="160" hits="3" branch="False" />
            <line number="161" hits="3" branch="True" condition-coverage="50% (1/2)">
              <conditions>
                <condition number="7" type="jump" coverage="50%" />
              </conditions>
            </line>
            <line number="162" hits="4" branch="True" condition-coverage="100% (2/2)">
              <conditions>
                <condition number="34" type="jump" coverage="100%" />
              </conditions>
            </line>
            <line number="164" hits="2" branch="False" />
            <line number="165" hits="2" branch="False" />
            <line number="176" hits="4" branch="False" />
            <line number="177" hits="4" branch="True" condition-coverage="50% (1/2)">
              <conditions>
                <condition number="7" type="jump" coverage="50%" />
              </conditions>
            </line>
            <line number="178" hits="4" branch="True" condition-coverage="50% (1/2)">
              <conditions>
                <condition number="26" type="jump" coverage="50%" />
              </conditions>
            </line>
            <line number="179" hits="4" branch="True" condition-coverage="50% (2/4)">
              <conditions>
                <condition number="54" type="jump" coverage="50%" />
                <condition number="78" type="jump" coverage="50%" />
              </conditions>
            </line>
            <line number="180" hits="0" branch="False" />
            <line number="182" hits="4" branch="False" />
            <line number="183" hits="4" branch="False" />
            <line number="193" hits="5" branch="False" />
            <line number="194" hits="5" branch="True" condition-coverage="50% (1/2)">
              <conditions>
                <condition number="7" type="jump" coverage="50%" />
              </conditions>
            </line>
            <line number="195" hits="5" branch="True" condition-coverage="50% (1/2)">
              <conditions>
                <condition number="26" type="jump" coverage="50%" />
              </conditions>
            </line>
            <line number="197" hits="5" branch="True" condition-coverage="100% (6/6)">
              <conditions>
                <condition number="51" type="jump" coverage="100%" />
                <condition number="69" type="jump" coverage="100%" />
                <condition number="88" type="jump" coverage="100%" />
              </conditions>
            </line>
            <line number="199" hits="5" branch="True" condition-coverage="94.44% (17/18)">
              <conditions>
                <condition number="98" type="jump" coverage="50%" />
                <condition number="115" type="jump" coverage="100%" />
                <condition number="129" type="jump" coverage="100%" />
                <condition number="143" type="jump" coverage="100%" />
                <condition number="157" type="jump" coverage="100%" />
                <condition number="171" type="jump" coverage="100%" />
                <condition number="185" type="jump" coverage="100%" />
                <condition number="199" type="jump" coverage="100%" />
                <condition number="213" type="jump" coverage="100%" />
              </conditions>
            </line>
            <line number="200" hits="5" branch="False" />
            <line number="201" hits="5" branch="False" />
            <line number="202" hits="5" branch="False" />
            <line number="203" hits="5" branch="False" />
            <line number="213" hits="3" branch="False" />
            <line number="214" hits="3" branch="True" condition-coverage="50% (1/2)">
              <conditions>
                <condition number="7" type="jump" coverage="50%" />
              </conditions>
            </line>
            <line number="215" hits="3" branch="True" condition-coverage="50% (1/2)">
              <conditions>
                <condition number="26" type="jump" coverage="50%" />
              </conditions>
            </line>
            <line number="217" hits="3" branch="True" condition-coverage="100% (6/6)">
              <conditions>
                <condition number="51" type="jump" coverage="100%" />
                <condition number="69" type="jump" coverage="100%" />
                <condition number="88" type="jump" coverage="100%" />
              </conditions>
            </line>
            <line number="219" hits="3" branch="True" condition-coverage="83.33% (15/18)">
              <conditions>
                <condition number="98" type="jump" coverage="50%" />
                <condition number="115" type="jump" coverage="100%" />
                <condition number="129" type="jump" coverage="100%" />
                <condition number="143" type="jump" coverage="100%" />
                <condition number="157" type="jump" coverage="100%" />
                <condition number="171" type="jump" coverage="100%" />
                <condition number="185" type="jump" coverage="100%" />
                <condition number="199" type="jump" coverage="50%" />
                <condition number="213" type="jump" coverage="50%" />
              </conditions>
            </line>
            <line number="220" hits="3" branch="False" />
            <line number="221" hits="3" branch="False" />
            <line number="222" hits="3" branch="False" />
            <line number="223" hits="3" branch="False" />
            <line number="233" hits="2" branch="False" />
            <line number="234" hits="2" branch="True" condition-coverage="50% (1/2)">
              <conditions>
                <condition number="7" type="jump" coverage="50%" />
              </conditions>
            </line>
            <line number="235" hits="2" branch="True" condition-coverage="50% (1/2)">
              <conditions>
                <condition number="26" type="jump" coverage="50%" />
              </conditions>
            </line>
            <line number="237" hits="2" branch="True" condition-coverage="66.66% (4/6)">
              <conditions>
                <condition number="51" type="jump" coverage="100%" />
                <condition number="69" type="jump" coverage="50%" />
                <condition number="88" type="jump" coverage="50%" />
              </conditions>
            </line>
            <line number="239" hits="2" branch="True" condition-coverage="27.77% (5/18)">
              <conditions>
                <condition number="98" type="jump" coverage="50%" />
                <condition number="115" type="jump" coverage="50%" />
                <condition number="129" type="jump" coverage="50%" />
                <condition number="143" type="jump" coverage="50%" />
                <condition number="157" type="jump" coverage="0%" />
                <condition number="171" type="jump" coverage="0%" />
                <condition number="185" type="jump" coverage="50%" />
                <condition number="199" type="jump" coverage="0%" />
                <condition number="213" type="jump" coverage="0%" />
              </conditions>
            </line>
            <line number="240" hits="2" branch="False" />
            <line number="241" hits="2" branch="False" />
            <line number="242" hits="2" branch="False" />
            <line number="243" hits="2" branch="False" />
            <line number="253" hits="2" branch="False" />
            <line number="254" hits="2" branch="True" condition-coverage="50% (1/2)">
              <conditions>
                <condition number="7" type="jump" coverage="50%" />
              </conditions>
            </line>
            <line number="255" hits="2" branch="True" condition-coverage="50% (1/2)">
              <conditions>
                <condition number="26" type="jump" coverage="50%" />
              </conditions>
            </line>
            <line number="257" hits="2" branch="True" condition-coverage="66.66% (4/6)">
              <conditions>
                <condition number="51" type="jump" coverage="100%" />
                <condition number="69" type="jump" coverage="50%" />
                <condition number="88" type="jump" coverage="50%" />
              </conditions>
            </line>
            <line number="259" hits="2" branch="True" condition-coverage="27.77% (5/18)">
              <conditions>
                <condition number="98" type="jump" coverage="50%" />
                <condition number="115" type="jump" coverage="50%" />
                <condition number="129" type="jump" coverage="50%" />
                <condition number="143" type="jump" coverage="50%" />
                <condition number="157" type="jump" coverage="0%" />
                <condition number="171" type="jump" coverage="0%" />
                <condition number="185" type="jump" coverage="50%" />
                <condition number="199" type="jump" coverage="0%" />
                <condition number="213" type="jump" coverage="0%" />
              </conditions>
            </line>
            <line number="260" hits="2" branch="False" />
            <line number="261" hits="2" branch="False" />
            <line number="262" hits="2" branch="False" />
            <line number="263" hits="2" branch="False" />
            <line number="270" hits="1" branch="False" />
            <line number="271" hits="1" branch="False" />
            <line number="272" hits="1" branch="False" />
            <line number="280" hits="2" branch="False" />
            <line number="281" hits="2" branch="True" condition-coverage="50% (1/2)">
              <conditions>
                <condition number="14" type="jump" coverage="50%" />
              </conditions>
            </line>
            <line number="282" hits="2" branch="False" />
            <line number="283" hits="2" branch="True" condition-coverage="50% (2/4)">
              <conditions>
                <condition number="29" type="jump" coverage="50%" />
                <condition number="43" type="jump" coverage="50%" />
              </conditions>
            </line>
            <line number="285" hits="0" branch="False" />
            <line number="286" hits="2" branch="False" />
            <line number="293" hits="2" branch="False" />
            <line number="294" hits="2" branch="False" />
            <line number="295" hits="2" branch="False" />
            <line number="42" hits="1" branch="False" />
            <line number="43" hits="1" branch="False" />
            <line number="44" hits="1" branch="False" />
            <line number="53" hits="102" branch="False" />
            <line number="54" hits="102" branch="False" />
            <line number="55" hits="102" branch="False" />
            <line number="65" hits="103" branch="False" />
            <line number="66" hits="103" branch="False" />
            <line number="67" hits="103" branch="False" />
            <line number="68" hits="103" branch="False" />
            <line number="69" hits="103" branch="False" />
            <line number="70" hits="103" branch="True" condition-coverage="50% (1/2)">
              <conditions>
                <condition number="36" type="jump" coverage="50%" />
              </conditions>
            </line>
            <line number="71" hits="103" branch="False" />
            <line number="72" hits="103" branch="False" />
          </lines>
        </class>
      </classes>
    </package>
  </packages>
</coverage>